<?xml version="1.0" encoding="UTF-8"?>
<!-- Generated by org.testng.reporters.JUnitXMLReporter -->
<testsuite ignored="0" hostname="LAPTOP-DV5BB3P3" failures="0" tests="10" name="Test" time="520.433" errors="0" timestamp="2025-11-08T16:27:05 CET">
  <testcase classname="tutorialsninja.register.TC_RF_007" name="@BeforeTest setUp" time="198.437">
    <failure type="org.openqa.selenium.TimeoutException" message="java.util.concurrent.TimeoutException
Build info: version: &amp;apos;4.38.0&amp;apos;, revision: &amp;apos;6b412e825c*&amp;apos;
System info: os.name: &amp;apos;Windows 11&amp;apos;, os.arch: &amp;apos;amd64&amp;apos;, os.version: &amp;apos;10.0&amp;apos;, java.version: &amp;apos;21.0.4&amp;apos;
Driver info: org.openqa.selenium.chrome.ChromeDriver
Command: [2021a7b0349a267a18790c3020693b9d, get {url=https://tutorialsninja.com/demo/}]
Capabilities {acceptInsecureCerts: false, browserName: chrome, browserVersion: 125.0.6422.142, chrome: {chromedriverVersion: 125.0.6422.141 (4b1e8393712..., userDataDir: C:\Users\Venus\AppData\Loca...}, fedcm:accounts: true, goog:chromeOptions: {debuggerAddress: localhost:65198}, networkConnectionEnabled: false, pageLoadStrategy: normal, platformName: windows, proxy: Proxy(), se:cdp: ws://localhost:65198/devtoo..., se:cdpVersion: 125.0.6422.142, setWindowRect: true, strictFileInteractability: false, timeouts: {implicit: 0, pageLoad: 300000, script: 30000}, unhandledPromptBehavior: dismiss and notify, webauthn:extension:credBlob: true, webauthn:extension:largeBlob: true, webauthn:extension:minPinLength: true, webauthn:extension:prf: true, webauthn:virtualAuthenticators: true}
Session ID: 2021a7b0349a267a18790c3020693b9d">
      <![CDATA[org.openqa.selenium.TimeoutException: java.util.concurrent.TimeoutException
Build info: version: '4.38.0', revision: '6b412e825c*'
System info: os.name: 'Windows 11', os.arch: 'amd64', os.version: '10.0', java.version: '21.0.4'
Driver info: org.openqa.selenium.chrome.ChromeDriver
Command: [2021a7b0349a267a18790c3020693b9d, get {url=https://tutorialsninja.com/demo/}]
Capabilities {acceptInsecureCerts: false, browserName: chrome, browserVersion: 125.0.6422.142, chrome: {chromedriverVersion: 125.0.6422.141 (4b1e8393712..., userDataDir: C:\Users\Venus\AppData\Loca...}, fedcm:accounts: true, goog:chromeOptions: {debuggerAddress: localhost:65198}, networkConnectionEnabled: false, pageLoadStrategy: normal, platformName: windows, proxy: Proxy(), se:cdp: ws://localhost:65198/devtoo..., se:cdpVersion: 125.0.6422.142, setWindowRect: true, strictFileInteractability: false, timeouts: {implicit: 0, pageLoad: 300000, script: 30000}, unhandledPromptBehavior: dismiss and notify, webauthn:extension:credBlob: true, webauthn:extension:largeBlob: true, webauthn:extension:minPinLength: true, webauthn:extension:prf: true, webauthn:virtualAuthenticators: true}
Session ID: 2021a7b0349a267a18790c3020693b9d
at org.openqa.selenium.remote.http.jdk.JdkHttpClient.execute(JdkHttpClient.java:427)
at org.openqa.selenium.remote.HttpCommandExecutor.execute(HttpCommandExecutor.java:212)
at org.openqa.selenium.remote.service.DriverCommandExecutor.invokeExecute(DriverCommandExecutor.java:216)
at org.openqa.selenium.remote.service.DriverCommandExecutor.execute(DriverCommandExecutor.java:174)
at org.openqa.selenium.remote.RemoteWebDriver.execute(RemoteWebDriver.java:557)
at org.openqa.selenium.remote.RemoteWebDriver.get(RemoteWebDriver.java:325)
at Base.Base.openBrowserAndApplication(Base.java:43)
at tutorialsninja.register.TC_RF_007.setUp(TC_RF_007.java:28)
Caused by: java.util.concurrent.TimeoutException
at java.base/java.util.concurrent.CompletableFuture$Timeout.run(CompletableFuture.java:2920)
at java.base/java.util.concurrent.Executors$RunnableAdapter.call(Executors.java:572)
at java.base/java.util.concurrent.FutureTask.run(FutureTask.java:317)
at java.base/java.util.concurrent.ScheduledThreadPoolExecutor$ScheduledFutureTask.run(ScheduledThreadPoolExecutor.java:304)
at java.base/java.util.concurrent.ThreadPoolExecutor.runWorker(ThreadPoolExecutor.java:1144)
at java.base/java.util.concurrent.ThreadPoolExecutor$Worker.run(ThreadPoolExecutor.java:642)
at java.base/java.lang.Thread.run(Thread.java:1583)
... Removed 22 stack frames]]>
    </failure>
  </testcase> <!-- @BeforeTest setUp -->
  <testcase classname="tutorialsninja.register.TC_RF_008" name="@BeforeTest setUp" time="0.0">
    <skipped/>
  </testcase> <!-- @BeforeTest setUp -->
  <testcase classname="tutorialsninja.register.TC_RF_009" name="@BeforeTest setUp" time="0.0">
    <skipped/>
  </testcase> <!-- @BeforeTest setUp -->
  <testcase classname="tutorialsninja.register.TC_RF_010" name="@BeforeTest setUp" time="0.0">
    <skipped/>
  </testcase> <!-- @BeforeTest setUp -->
  <testcase classname="tutorialsninja.register.TC_RF_011" name="@BeforeTest setUp" time="0.0">
    <skipped/>
  </testcase> <!-- @BeforeTest setUp -->
  <testcase classname="tutorialsninja.register.TC_RF_001" name="@BeforeMethod setUp" time="0.0">
    <skipped/>
  </testcase> <!-- @BeforeMethod setUp -->
  <testcase classname="tutorialsninja.register.TC_RF_001" name="@AfterMethod tearDown" time="0.0">
    <skipped/>
  </testcase> <!-- @AfterMethod tearDown -->
  <testcase classname="tutorialsninja.register.TC_RF_003" name="@AfterMethod tearDown" time="0.0">
    <skipped/>
  </testcase> <!-- @AfterMethod tearDown -->
  <testcase classname="tutorialsninja.register.TC_EF_004" name="@AfterMethod tearDown" time="0.0">
    <skipped/>
  </testcase> <!-- @AfterMethod tearDown -->
  <testcase classname="tutorialsninja.register.TC_RF_005" name="@AfterMethod tearDown" time="0.0">
    <skipped/>
  </testcase> <!-- @AfterMethod tearDown -->
  <testcase classname="tutorialsninja.register.TC_RF_006" name="@AfterMethod tearDown" time="0.0">
    <skipped/>
  </testcase> <!-- @AfterMethod tearDown -->
  <testcase classname="tutorialsninja.register.TC_RF_007" name="@AfterMethod tearDown" time="0.0">
    <skipped/>
  </testcase> <!-- @AfterMethod tearDown -->
  <testcase classname="tutorialsninja.register.TC_RF_008" name="@AfterMethod tearDown" time="0.0">
    <skipped/>
  </testcase> <!-- @AfterMethod tearDown -->
  <testcase classname="tutorialsninja.register.TC_RF_009" name="@AfterMethod tearDown" time="0.0">
    <skipped/>
  </testcase> <!-- @AfterMethod tearDown -->
  <testcase classname="tutorialsninja.register.TC_RF_010" name="@AfterMethod tearDown" time="0.0">
    <skipped/>
  </testcase> <!-- @AfterMethod tearDown -->
  <testcase classname="tutorialsninja.register.TC_RF_011" name="@AfterMethod tearDown" time="0.0">
    <skipped/>
  </testcase> <!-- @AfterMethod tearDown -->
  <testcase classname="tutorialsninja.register.TC_RF_001" name="VerifyRegisterWithMandatoryFields" time="0.0">
    <skipped/>
  </testcase> <!-- VerifyRegisterWithMandatoryFields -->
  <testcase classname="tutorialsninja.register.TC_RF_003" name="VerifyRegisterWithAllFields" time="0.0">
    <skipped/>
  </testcase> <!-- VerifyRegisterWithAllFields -->
  <testcase classname="tutorialsninja.register.TC_EF_004" name="VerifyRegisterWithoutFillingFields" time="0.0">
    <skipped/>
  </testcase> <!-- VerifyRegisterWithoutFillingFields -->
  <testcase classname="tutorialsninja.register.TC_RF_005" name="VerifyRegisterBySubscribetoNewsletter" time="0.0">
    <skipped/>
  </testcase> <!-- VerifyRegisterBySubscribetoNewsletter -->
  <testcase classname="tutorialsninja.register.TC_RF_006" name="VerifyRegisterByNotSubscribetoNewsletter" time="0.0">
    <skipped/>
  </testcase> <!-- VerifyRegisterByNotSubscribetoNewsletter -->
  <testcase classname="tutorialsninja.register.TC_RF_007" name="VerifyDifferentWaysToNavigateToRegisterPage" time="0.0">
    <skipped/>
  </testcase> <!-- VerifyDifferentWaysToNavigateToRegisterPage -->
  <testcase classname="tutorialsninja.register.TC_RF_008" name="VerifyEnteringDifferentPwdANdPwdConfirm" time="0.0">
    <skipped/>
  </testcase> <!-- VerifyEnteringDifferentPwdANdPwdConfirm -->
  <testcase classname="tutorialsninja.register.TC_RF_009" name="VerifyRegisterByExistingEmailAddress" time="0.0">
    <skipped/>
  </testcase> <!-- VerifyRegisterByExistingEmailAddress -->
  <testcase classname="tutorialsninja.register.TC_RF_010" name="VerifyRegisterByInvalidEmailAddress" time="0.0">
    <skipped/>
  </testcase> <!-- VerifyRegisterByInvalidEmailAddress -->
  <testcase classname="tutorialsninja.register.TC_RF_011" name="VerifyRegisterByProvideInvalidTelephoneNo" time="0.0">
    <skipped/>
  </testcase> <!-- VerifyRegisterByProvideInvalidTelephoneNo -->
</testsuite> <!-- Test -->
