<?xml version="1.0" encoding="UTF-8"?>
<!-- Generated by org.testng.reporters.JUnitReportReporter -->
<testsuite hostname="LAPTOP-DV5BB3P3" failures="0" tests="1" name="tutorialsninja.register.TC_RF_011" time="0.000" errors="0" timestamp="2025-11-08T16:27:59 CET" skipped="1">
  <testcase classname="tutorialsninja.register.TC_RF_011" name="VerifyRegisterByProvideInvalidTelephoneNo" time="0.000">
    <skipped/>
  </testcase> <!-- VerifyRegisterByProvideInvalidTelephoneNo -->
</testsuite> <!-- tutorialsninja.register.TC_RF_011 -->
