<?xml version="1.0" encoding="UTF-8"?>
<!-- Generated by org.testng.reporters.JUnitReportReporter -->
<testsuite hostname="LAPTOP-DV5BB3P3" failures="0" tests="1" name="tutorialsninja.register.TC_RF_010" time="0.000" errors="0" timestamp="2025-11-08T16:28:01 CET" skipped="1">
  <testcase classname="tutorialsninja.register.TC_RF_010" name="VerifyRegisterByInvalidEmailAddress" time="0.000">
    <skipped/>
  </testcase> <!-- VerifyRegisterByInvalidEmailAddress -->
</testsuite> <!-- tutorialsninja.register.TC_RF_010 -->
