<?xml version="1.0" encoding="UTF-8"?>
<!-- Generated by org.testng.reporters.JUnitReportReporter -->
<testsuite hostname="LAPTOP-DV5BB3P3" failures="0" tests="1" name="tutorialsninja.register.TC_EF_004" time="0.000" errors="0" timestamp="2025-11-08T16:28:00 CET" skipped="1">
  <testcase classname="tutorialsninja.register.TC_EF_004" name="VerifyRegisterWithoutFillingFields" time="0.000">
    <skipped/>
  </testcase> <!-- VerifyRegisterWithoutFillingFields -->
</testsuite> <!-- tutorialsninja.register.TC_EF_004 -->
