<?xml version="1.0" encoding="UTF-8"?>
<!-- Generated by org.testng.reporters.JUnitReportReporter -->
<testsuite hostname="LAPTOP-DV5BB3P3" failures="0" tests="1" name="tutorialsninja.register.TC_RF_009" time="0.000" errors="0" timestamp="2025-11-08T16:28:00 CET" skipped="1">
  <testcase classname="tutorialsninja.register.TC_RF_009" name="VerifyRegisterByExistingEmailAddress" time="0.000">
    <skipped/>
  </testcase> <!-- VerifyRegisterByExistingEmailAddress -->
</testsuite> <!-- tutorialsninja.register.TC_RF_009 -->
